{"name": "test_katalon_appointment_negative", "status": "broken", "statusDetails": {"message": "selenium.common.exceptions.NoSuchElementException: Message: no such element: Unable to locate element: {\"method\":\"css selector\",\"selector\":\"p.lead text-danger\"}\n  (Session info: chrome=115.0.5790.170); For documentation on this error, please visit: https://www.selenium.dev/documentation/webdriver/troubleshooting/errors#no-such-element-exception\nStacktrace:\nBacktrace:\n\tGetHandleVerifier [0x00007FF6D3CD4A62+57106]\n\t(No symbol) [0x00007FF6D3C4CF52]\n\t(No symbol) [0x00007FF6D3B1E2CB]\n\t(No symbol) [0x00007FF6D3B5786E]\n\t(No symbol) [0x00007FF6D3B5795C]\n\t(No symbol) [0x00007FF6D3B90477]\n\t(No symbol) [0x00007FF6D3B769FF]\n\t(No symbol) [0x00007FF6D3B8E522]\n\t(No symbol) [0x00007FF6D3B76793]\n\t(No symbol) [0x00007FF6D3B4CE81]\n\t(No symbol) [0x00007FF6D3B4E064]\n\tGetHandleVerifier [0x00007FF6D3F84222+2873042]\n\tGetHandleVerifier [0x00007FF6D3FD6590+3209792]\n\tGetHandleVerifier [0x00007FF6D3FCF3AF+3180639]\n\tGetHandleVerifier [0x00007FF6D3D65F25+652245]\n\t(No symbol) [0x00007FF6D3C58618]\n\t(No symbol) [0x00007FF6D3C547C4]\n\t(No symbol) [0x00007FF6D3C548BC]\n\t(No symbol) [0x00007FF6D3C44C33]\n\tBaseThreadInitThunk [0x00007FFC1D4526AD+29]\n\tRtlUserThreadStart [0x00007FFC1F08AA68+40]", "trace": "def test_katalon_appointment_negative():\n        # Create a Session by API request\n        driver = webdriver.Chrome()\n        driver.maximize_window()\n    \n        driver.get(\"https://katalon-demo-cura.herokuapp.com/\")\n    \n        # Click on Make Appointment Button\n        makeappointmentbutton = driver.find_element(By.ID, \"btn-make-appointment\")\n        makeappointmentbutton.click()\n    \n        time.sleep(5)\n    \n        username = driver.find_element(By.ID, \"txt-username\")\n        password = driver.find_element(By.ID, \"txt-password\")\n    \n        # Input the Values to the username and password textbox\n        username.send_keys(\"John Cena\")\n        password.send_keys(\"ThisIsAPassword\")\n    \n        # Click on Login Button\n        loginbutton = driver.find_element(By.ID, \"btn-login\")\n        loginbutton.click()\n    \n        time.sleep(5)\n    \n>       error_message = driver.find_element(By.CSS_SELECTOR, \"p.lead text-danger\")\n\ntests\\test_katalon_appointment.py:35: \n_ _ _ _ _ _ _ _ _ _ _ _ _ _ _ _ _ _ _ _ _ _ _ _ _ _ _ _ _ _ _ _ _ _ _ _ _ _ _ _ _ _ _ _ _ _ _ _ _ _ _\nvenv\\Lib\\site-packages\\selenium\\webdriver\\remote\\webdriver.py:739: in find_element\n    return self.execute(Command.FIND_ELEMENT, {\"using\": by, \"value\": value})[\"value\"]\nvenv\\Lib\\site-packages\\selenium\\webdriver\\remote\\webdriver.py:345: in execute\n    self.error_handler.check_response(response)\n_ _ _ _ _ _ _ _ _ _ _ _ _ _ _ _ _ _ _ _ _ _ _ _ _ _ _ _ _ _ _ _ _ _ _ _ _ _ _ _ _ _ _ _ _ _ _ _ _ _ _\n\nself = <selenium.webdriver.remote.errorhandler.ErrorHandler object at 0x0000012D0C479AD0>\nresponse = {'status': 404, 'value': '{\"value\":{\"error\":\"no such element\",\"message\":\"no such element: Unable to locate element: {\\...07FF6D3C44C33]\\\\n\\\\tBaseThreadInitThunk [0x00007FFC1D4526AD+29]\\\\n\\\\tRtlUserThreadStart [0x00007FFC1F08AA68+40]\\\\n\"}}'}\n\n    def check_response(self, response: Dict[str, Any]) -> None:\n        \"\"\"Checks that a JSON response from the WebDriver does not have an\n        error.\n    \n        :Args:\n         - response - The JSON response from the WebDriver server as a dictionary\n           object.\n    \n        :Raises: If the response contains an error message.\n        \"\"\"\n        status = response.get(\"status\", None)\n        if not status or status == ErrorCode.SUCCESS:\n            return\n        value = None\n        message = response.get(\"message\", \"\")\n        screen: str = response.get(\"screen\", \"\")\n        stacktrace = None\n        if isinstance(status, int):\n            value_json = response.get(\"value\", None)\n            if value_json and isinstance(value_json, str):\n                import json\n    \n                try:\n                    value = json.loads(value_json)\n                    if len(value) == 1:\n                        value = value[\"value\"]\n                    status = value.get(\"error\", None)\n                    if not status:\n                        status = value.get(\"status\", ErrorCode.UNKNOWN_ERROR)\n                        message = value.get(\"value\") or value.get(\"message\")\n                        if not isinstance(message, str):\n                            value = message\n                            message = message.get(\"message\")\n                    else:\n                        message = value.get(\"message\", None)\n                except ValueError:\n                    pass\n    \n        exception_class: Type[WebDriverException]\n        e = ErrorCode()\n        error_codes = [item for item in dir(e) if not item.startswith(\"__\")]\n        for error_code in error_codes:\n            error_info = getattr(ErrorCode, error_code)\n            if isinstance(error_info, list) and status in error_info:\n                exception_class = getattr(ExceptionMapping, error_code, WebDriverException)\n                break\n        else:\n            exception_class = WebDriverException\n    \n        if not value:\n            value = response[\"value\"]\n        if isinstance(value, str):\n            raise exception_class(value)\n        if message == \"\" and \"message\" in value:\n            message = value[\"message\"]\n    \n        screen = None  # type: ignore[assignment]\n        if \"screen\" in value:\n            screen = value[\"screen\"]\n    \n        stacktrace = None\n        st_value = value.get(\"stackTrace\") or value.get(\"stacktrace\")\n        if st_value:\n            if isinstance(st_value, str):\n                stacktrace = st_value.split(\"\\n\")\n            else:\n                stacktrace = []\n                try:\n                    for frame in st_value:\n                        line = frame.get(\"lineNumber\", \"\")\n                        file = frame.get(\"fileName\", \"<anonymous>\")\n                        if line:\n                            file = f\"{file}:{line}\"\n                        meth = frame.get(\"methodName\", \"<anonymous>\")\n                        if \"className\" in frame:\n                            meth = f\"{frame['className']}.{meth}\"\n                        msg = \"    at %s (%s)\"\n                        msg = msg % (meth, file)\n                        stacktrace.append(msg)\n                except TypeError:\n                    pass\n        if exception_class == UnexpectedAlertPresentException:\n            alert_text = None\n            if \"data\" in value:\n                alert_text = value[\"data\"].get(\"text\")\n            elif \"alert\" in value:\n                alert_text = value[\"alert\"].get(\"text\")\n            raise exception_class(message, screen, stacktrace, alert_text)  # type: ignore[call-arg]  # mypy is not smart enough here\n>       raise exception_class(message, screen, stacktrace)\nE       selenium.common.exceptions.NoSuchElementException: Message: no such element: Unable to locate element: {\"method\":\"css selector\",\"selector\":\"p.lead text-danger\"}\nE         (Session info: chrome=115.0.5790.170); For documentation on this error, please visit: https://www.selenium.dev/documentation/webdriver/troubleshooting/errors#no-such-element-exception\nE       Stacktrace:\nE       Backtrace:\nE       \tGetHandleVerifier [0x00007FF6D3CD4A62+57106]\nE       \t(No symbol) [0x00007FF6D3C4CF52]\nE       \t(No symbol) [0x00007FF6D3B1E2CB]\nE       \t(No symbol) [0x00007FF6D3B5786E]\nE       \t(No symbol) [0x00007FF6D3B5795C]\nE       \t(No symbol) [0x00007FF6D3B90477]\nE       \t(No symbol) [0x00007FF6D3B769FF]\nE       \t(No symbol) [0x00007FF6D3B8E522]\nE       \t(No symbol) [0x00007FF6D3B76793]\nE       \t(No symbol) [0x00007FF6D3B4CE81]\nE       \t(No symbol) [0x00007FF6D3B4E064]\nE       \tGetHandleVerifier [0x00007FF6D3F84222+2873042]\nE       \tGetHandleVerifier [0x00007FF6D3FD6590+3209792]\nE       \tGetHandleVerifier [0x00007FF6D3FCF3AF+3180639]\nE       \tGetHandleVerifier [0x00007FF6D3D65F25+652245]\nE       \t(No symbol) [0x00007FF6D3C58618]\nE       \t(No symbol) [0x00007FF6D3C547C4]\nE       \t(No symbol) [0x00007FF6D3C548BC]\nE       \t(No symbol) [0x00007FF6D3C44C33]\nE       \tBaseThreadInitThunk [0x00007FFC1D4526AD+29]\nE       \tRtlUserThreadStart [0x00007FFC1F08AA68+40]\n\nvenv\\Lib\\site-packages\\selenium\\webdriver\\remote\\errorhandler.py:229: NoSuchElementException"}, "start": 1692122761354, "stop": 1692122783939, "uuid": "232c4b45-0c6b-436e-82be-65ac05789308", "historyId": "95f0772d50ad7f579b8e500e262e9f60", "testCaseId": "95f0772d50ad7f579b8e500e262e9f60", "fullName": "tests.test_katalon_appointment#test_katalon_appointment_negative", "labels": [{"name": "parentSuite", "value": "tests"}, {"name": "suite", "value": "test_katalon_appointment"}, {"name": "host", "value": "DESKTOP-CG4JEI1"}, {"name": "thread", "value": "14860-MainThread"}, {"name": "framework", "value": "pytest"}, {"name": "language", "value": "cpython3"}, {"name": "package", "value": "tests.test_katalon_appointment"}]}